# JRE version: OpenJDK Runtime Environment Temurin-17.0.3+7 (17.0.3+7) (build 17.0.3+7)
# Java VM: OpenJDK 64-Bit Server VM Temurin-17.0.3+7 (17.0.3+7, mixed mode, emulated-client, tiered, compressed oops, compressed class ptrs, g1 gc, linux-amd64)
GC Precious Log:
 CPUs: 4 total, 4 available
 Memory: 15656M
 Large Page Support: Disabled
 NUMA Support: Disabled
 Compressed Oops: Enabled (Zero based)
 Heap Region Size: 2M
 Heap Min Capacity: 8M
 Heap Initial Capacity: 246M
 Heap Max Capacity: 3916M
 Pre-touch: Disabled
 Parallel Workers: 4
 Concurrent Workers: 1
 Concurrent Refinement Workers: 4
 Periodic GC: Disabled
Heap:
 garbage-first heap   total 724992K, used 523144K [0x000000070b400000, 0x0000000800000000)
  region size 2048K, 153 young (313344K), 19 survivors (38912K)
 Metaspace       used 141489K, committed 142272K, reserved 1179648K
  class space    used 18988K, committed 19392K, reserved 1048576K
GC Heap History (20 events):
Event: 42.205 GC heap before
{Heap before GC invocations=44 (full 0):
 garbage-first heap   total 862208K, used 256000K [0x000000070b400000, 0x0000000800000000)
  region size 2048K, 17 young (34816K), 11 survivors (22528K)
 Metaspace       used 124764K, committed 125568K, reserved 1163264K
  class space    used 16585K, committed 17024K, reserved 1048576K
}
Event: 42.223 GC heap after
{Heap after GC invocations=45 (full 0):
 garbage-first heap   total 862208K, used 244736K [0x000000070b400000, 0x0000000800000000)
  region size 2048K, 10 young (20480K), 10 survivors (20480K)
 Metaspace       used 124764K, committed 125568K, reserved 1163264K
  class space    used 16585K, committed 17024K, reserved 1048576K
}
Event: 59.061 GC heap before
{Heap before GC invocations=46 (full 0):
 garbage-first heap   total 862208K, used 773120K [0x000000070b400000, 0x0000000800000000)
  region size 2048K, 248 young (507904K), 10 survivors (20480K)
 Metaspace       used 135705K, committed 136512K, reserved 1171456K
  class space    used 18178K, committed 18560K, reserved 1048576K
}
Event: 59.083 GC heap after
{Heap after GC invocations=47 (full 0):
 garbage-first heap   total 862208K, used 291840K [0x000000070b400000, 0x0000000800000000)
  region size 2048K, 12 young (24576K), 12 survivors (24576K)
 Metaspace       used 135705K, committed 136512K, reserved 1171456K
  class space    used 18178K, committed 18560K, reserved 1048576K
}
Event: 63.569 GC heap before
{Heap before GC invocations=47 (full 0):
 garbage-first heap   total 862208K, used 310272K [0x000000070b400000, 0x0000000800000000)
  region size 2048K, 21 young (43008K), 12 survivors (24576K)
 Metaspace       used 135705K, committed 136512K, reserved 1171456K
  class space    used 18178K, committed 18560K, reserved 1048576K
}
Event: 63.595 GC heap after
{Heap after GC invocations=48 (full 0):
 garbage-first heap   total 862208K, used 286051K [0x000000070b400000, 0x0000000800000000)
  region size 2048K, 3 young (6144K), 3 survivors (6144K)
 Metaspace       used 135705K, committed 136512K, reserved 1171456K
  class space    used 18178K, committed 18560K, reserved 1048576K
}
Event: 161.380 GC heap before
{Heap before GC invocations=48 (full 0):
 garbage-first heap   total 862208K, used 736611K [0x000000070b400000, 0x0000000800000000)
  region size 2048K, 223 young (456704K), 3 survivors (6144K)
 Metaspace       used 138110K, committed 139008K, reserved 1171456K
  class space    used 18509K, committed 18944K, reserved 1048576K
}
Event: 161.391 GC heap after
{Heap after GC invocations=49 (full 0):
 garbage-first heap   total 862208K, used 283297K [0x000000070b400000, 0x0000000800000000)
  region size 2048K, 2 young (4096K), 2 survivors (4096K)
 Metaspace       used 138110K, committed 139008K, reserved 1171456K
  class space    used 18509K, committed 18944K, reserved 1048576K
}
Event: 270.643 GC heap before
{Heap before GC invocations=50 (full 0):
 garbage-first heap   total 862208K, used 737953K [0x000000070b400000, 0x0000000800000000)
  region size 2048K, 226 young (462848K), 2 survivors (4096K)
 Metaspace       used 138100K, committed 139008K, reserved 1171456K
  class space    used 18506K, committed 18944K, reserved 1048576K
}
Event: 270.647 GC heap after
{Heap after GC invocations=51 (full 0):
 garbage-first heap   total 862208K, used 280041K [0x000000070b400000, 0x0000000800000000)
  region size 2048K, 2 young (4096K), 2 survivors (4096K)
 Metaspace       used 138100K, committed 139008K, reserved 1171456K
  class space    used 18506K, committed 18944K, reserved 1048576K
}
Event: 281.027 GC heap before
{Heap before GC invocations=51 (full 0):
 garbage-first heap   total 862208K, used 318953K [0x000000070b400000, 0x0000000800000000)
  region size 2048K, 21 young (43008K), 2 survivors (4096K)
 Metaspace       used 138100K, committed 139008K, reserved 1171456K
  class space    used 18506K, committed 18944K, reserved 1048576K
}
Event: 281.048 GC heap after
{Heap after GC invocations=52 (full 0):
 garbage-first heap   total 862208K, used 265562K [0x000000070b400000, 0x0000000800000000)
  region size 2048K, 2 young (4096K), 2 survivors (4096K)
 Metaspace       used 138100K, committed 139008K, reserved 1171456K
  class space    used 18506K, committed 18944K, reserved 1048576K
}
Event: 396.311 GC heap before
{Heap before GC invocations=52 (full 0):
 garbage-first heap   total 862208K, used 748890K [0x000000070b400000, 0x0000000800000000)
  region size 2048K, 238 young (487424K), 2 survivors (4096K)
 Metaspace       used 138107K, committed 139008K, reserved 1171456K
  class space    used 18509K, committed 18944K, reserved 1048576K
}
Event: 396.317 GC heap after
{Heap after GC invocations=53 (full 0):
 garbage-first heap   total 862208K, used 266086K [0x000000070b400000, 0x0000000800000000)
  region size 2048K, 2 young (4096K), 2 survivors (4096K)
 Metaspace       used 138107K, committed 139008K, reserved 1171456K
  class space    used 18509K, committed 18944K, reserved 1048576K
}
Event: 512.708 GC heap before
{Heap before GC invocations=53 (full 0):
 garbage-first heap   total 862208K, used 753510K [0x000000070b400000, 0x0000000800000000)
  region size 2048K, 240 young (491520K), 2 survivors (4096K)
 Metaspace       used 138113K, committed 139008K, reserved 1171456K
  class space    used 18511K, committed 18944K, reserved 1048576K
}
Event: 512.714 GC heap after
{Heap after GC invocations=54 (full 0):
 garbage-first heap   total 862208K, used 266110K [0x000000070b400000, 0x0000000800000000)
  region size 2048K, 2 young (4096K), 2 survivors (4096K)
 Metaspace       used 138113K, committed 139008K, reserved 1171456K
  class space    used 18511K, committed 18944K, reserved 1048576K
}
Event: 549.457 GC heap before
{Heap before GC invocations=54 (full 0):
 garbage-first heap   total 862208K, used 415614K [0x000000070b400000, 0x0000000800000000)
  region size 2048K, 76 young (155648K), 2 survivors (4096K)
 Metaspace       used 138604K, committed 139456K, reserved 1171456K
  class space    used 18626K, committed 19072K, reserved 1048576K
}
Event: 549.709 GC heap after
{Heap after GC invocations=55 (full 1):
 garbage-first heap   total 724992K, used 213770K [0x000000070b400000, 0x0000000800000000)
  region size 2048K, 0 young (0K), 0 survivors (0K)
 Metaspace       used 138604K, committed 139456K, reserved 1171456K
  class space    used 18626K, committed 19072K, reserved 1048576K
}
Event: 552.109 GC heap before
{Heap before GC invocations=55 (full 1):
 garbage-first heap   total 724992K, used 631562K [0x000000070b400000, 0x0000000800000000)
  region size 2048K, 205 young (419840K), 0 survivors (0K)
 Metaspace       used 141201K, committed 142080K, reserved 1179648K
  class space    used 18969K, committed 19392K, reserved 1048576K
}
Event: 552.173 GC heap after
{Heap after GC invocations=56 (full 1):
 garbage-first heap   total 724992K, used 250760K [0x000000070b400000, 0x0000000800000000)
  region size 2048K, 19 young (38912K), 19 survivors (38912K)
 Metaspace       used 141201K, committed 142080K, reserved 1179648K
  class space    used 18969K, committed 19392K, reserved 1048576K
}

